[2025-07-17 00:25:02,564] INFO - result.json not found -> skip chat import
[2025-07-17 00:25:02,564] INFO - result.json not found -> skip chat import
[2025-07-17 00:25:29,241] INFO - result.json not found -> skip chat import
[2025-07-17 00:25:29,703] INFO - Bot started...
[2025-07-17 00:28:18,472] INFO - Using cached assistant ID: asst_kCejb42PuzWixm1JTt8LS9b9
[2025-07-17 00:28:18,474] INFO - result.json not found -> skip chat import
[2025-07-17 00:28:18,952] INFO - Bot started...
[2025-07-17 00:30:36,740] INFO - result.json not found -> skip chat import
[2025-07-17 00:30:37,602] INFO - Using cached assistant ID: asst_kCejb42PuzWixm1JTt8LS9b9
[2025-07-17 00:30:38,067] INFO - 12 cached chats detected...
[2025-07-17 00:30:38,067] INFO - Bot started...
[2025-07-17 00:30:45,237] INFO - result.json not found -> skip chat import
[2025-07-17 00:30:46,114] INFO - Using cached assistant ID: asst_kCejb42PuzWixm1JTt8LS9b9
[2025-07-17 00:30:46,580] INFO - 2 cached chats detected...
[2025-07-17 00:30:46,580] INFO - Bot started...
[2025-07-17 00:31:17,999] INFO - result.json not found -> skip chat import
[2025-07-17 00:31:18,852] INFO - Using cached assistant ID: asst_kCejb42PuzWixm1JTt8LS9b9
[2025-07-17 00:31:19,328] INFO - 2 cached chats detected (['chat_2243139461.txt', 'chat_4874735860.txt'])
[2025-07-17 00:31:19,328] INFO - Bot started...
[2025-07-17 00:32:43,737] INFO - [!] Failed to convert .\result*: [Errno 22] Invalid argument: '.\\result*'
[2025-07-17 00:41:16,238] INFO - Using cached assistant ID: asst_kCejb42PuzWixm1JTt8LS9b9
[2025-07-17 00:41:16,881] INFO - [✓] Converted and deleted: raw_chats\result3.json → converted_chats\chat_2243139461.txt
[2025-07-17 00:41:16,920] INFO - [✓] Converted and deleted: raw_chats\result4.json → converted_chats\chat_4874735860.txt
[2025-07-17 00:41:16,921] INFO - 2 raw chats converted
[2025-07-17 00:41:16,921] INFO - 2 cached chats detected (['chat_2243139461.txt', 'chat_4874735860.txt'])
[2025-07-17 00:41:17,379] INFO - Bot started...
[2025-07-17 00:42:25,143] INFO - Analyzing history for chat ID: 4874735860
[2025-07-17 00:42:38,677] INFO - Run completed for chat 4874735860
[2025-07-17 00:42:38,933] INFO - Received assistant reply for chat 4874735860
[2025-07-17 00:44:36,763] INFO - Using cached assistant ID: asst_kCejb42PuzWixm1JTt8LS9b9
[2025-07-17 00:44:37,379] INFO - [✓] Converted and deleted: raw_chats\result3.json → converted_chats\chat_2243139461.txt
[2025-07-17 00:44:37,419] INFO - [✓] Converted and deleted: raw_chats\result4.json → converted_chats\chat_4874735860.txt
[2025-07-17 00:44:37,419] INFO - 2 raw chats converted successfully!
[2025-07-17 00:44:37,419] INFO - 2 cached chats detected (['chat_2243139461.txt', 'chat_4874735860.txt'])
[2025-07-17 00:44:37,883] INFO - Bot started...
[2025-07-17 00:46:22,441] INFO - Using cached assistant ID: asst_kCejb42PuzWixm1JTt8LS9b9
[2025-07-17 00:46:22,442] INFO - 2 cached chats detected (['chat_2243139461.txt', 'chat_4874735860.txt'])
[2025-07-17 00:46:22,916] INFO - Bot started...
[2025-07-17 00:50:26,113] INFO - Using cached assistant ID: asst_kCejb42PuzWixm1JTt8LS9b9
[2025-07-17 00:50:48,703] INFO - Using cached assistant ID: asst_kCejb42PuzWixm1JTt8LS9b9
[2025-07-17 00:50:49,646] INFO - 2 cached chats detected (['chat_2243139461.txt', 'chat_4874735860.txt'])
[2025-07-17 00:50:49,646] INFO - Bot started... (ID: 6091487776, Username: @Krutoymega_bot)
[2025-07-17 00:51:19,737] INFO - Using cached assistant ID: asst_kCejb42PuzWixm1JTt8LS9b9
[2025-07-17 00:54:09,376] INFO - Using cached assistant ID: asst_kCejb42PuzWixm1JTt8LS9b9
[2025-07-17 00:54:10,899] ERROR - [!] Failed to convert raw_chats\result3.json: argument of type 'NoneType' is not iterable
[2025-07-17 00:54:10,939] ERROR - [!] Failed to convert raw_chats\result4.json: argument of type 'NoneType' is not iterable
[2025-07-17 00:54:10,939] INFO - 2 raw chats converted successfully!
[2025-07-17 00:54:10,939] INFO - 2 cached chats detected (['chat_2243139461.txt', 'chat_4874735860.txt'])
[2025-07-17 00:54:10,939] INFO - Bot started... (ID: 6091487776, Username: @Krutoymega_bot)
[2025-07-17 00:54:50,094] INFO - Using cached assistant ID: asst_kCejb42PuzWixm1JTt8LS9b9
[2025-07-17 00:54:51,499] ERROR - [!] Failed to convert raw_chats\result3.json: argument of type 'NoneType' is not iterable
[2025-07-17 00:54:51,540] ERROR - [!] Failed to convert raw_chats\result4.json: argument of type 'NoneType' is not iterable
[2025-07-17 00:54:51,540] INFO - 2 raw chats converted successfully!
[2025-07-17 00:54:51,540] INFO - 2 cached chats detected (['chat_2243139461.txt', 'chat_4874735860.txt'])
[2025-07-17 00:54:51,540] INFO - Bot started... (ID: 6091487776, Username: @Krutoymega_bot)
[2025-07-17 00:56:15,447] INFO - Using cached assistant ID: asst_kCejb42PuzWixm1JTt8LS9b9
[2025-07-17 00:56:16,886] ERROR - [!] Failed to convert raw_chats\result3.json: argument of type 'NoneType' is not iterable
[2025-07-17 00:56:16,924] ERROR - [!] Failed to convert raw_chats\result4.json: argument of type 'NoneType' is not iterable
[2025-07-17 00:56:16,924] INFO - 2 raw chats converted successfully!
[2025-07-17 00:56:16,924] INFO - 2 cached chats detected (['chat_2243139461.txt', 'chat_4874735860.txt'])
[2025-07-17 00:56:16,925] INFO - Bot started... (ID: 6091487776, Username: @Krutoymega_bot)
[2025-07-17 00:56:18,257] ERROR - [!] Failed to convert raw_chats\result3.json: argument of type 'NoneType' is not iterable
[2025-07-17 00:56:18,295] ERROR - [!] Failed to convert raw_chats\result4.json: argument of type 'NoneType' is not iterable
[2025-07-17 00:56:18,295] INFO - 2 raw chats converted successfully!
[2025-07-17 00:56:18,295] INFO - 2 cached chats detected (['chat_2243139461.txt', 'chat_4874735860.txt'])
[2025-07-17 00:56:18,295] INFO - Bot started... (ID: 6091487776, Username: @Krutoymega_bot)
[2025-07-17 00:58:29,176] INFO - Using cached assistant ID: asst_kCejb42PuzWixm1JTt8LS9b9
[2025-07-17 01:01:36,607] INFO - Using cached assistant ID: asst_kCejb42PuzWixm1JTt8LS9b9
[2025-07-17 01:01:36,844] INFO - Bot ID: 6091487776
[2025-07-17 01:01:37,357] ERROR - [!] Failed to convert raw_chats\result3.json: argument of type 'NoneType' is not iterable
[2025-07-17 01:01:37,395] ERROR - [!] Failed to convert raw_chats\result4.json: argument of type 'NoneType' is not iterable
[2025-07-17 01:01:37,395] INFO - 2 raw chats converted successfully!
[2025-07-17 01:01:37,395] INFO - 2 cached chats detected (['chat_2243139461.txt', 'chat_4874735860.txt'])
[2025-07-17 01:01:37,854] INFO - Bot started... (ID: 6091487776)
[2025-07-17 01:02:56,818] INFO - Using cached assistant ID: asst_kCejb42PuzWixm1JTt8LS9b9
[2025-07-17 01:02:57,018] INFO - Bot ID: 6091487776
[2025-07-17 01:02:57,605] INFO - [✓] Converted and deleted: raw_chats\result3.json → converted_chats\chat_2243139461.txt
[2025-07-17 01:02:57,644] INFO - [✓] Converted and deleted: raw_chats\result4.json → converted_chats\chat_4874735860.txt
[2025-07-17 01:02:57,645] INFO - 2 raw chats converted successfully!
[2025-07-17 01:02:57,645] INFO - 2 cached chats detected (['chat_2243139461.txt', 'chat_4874735860.txt'])
[2025-07-17 01:02:58,117] INFO - Bot started... (ID: 6091487776)
[2025-07-17 01:03:50,639] INFO - Analyzing history for chat ID: 4874735860
[2025-07-17 01:04:18,104] INFO - Run completed for chat 4874735860
[2025-07-17 01:04:18,376] INFO - Received assistant reply for chat 4874735860
[2025-07-17 01:06:19,525] INFO - Using cached assistant ID: asst_kCejb42PuzWixm1JTt8LS9b9
[2025-07-17 01:06:19,702] INFO - Bot ID: 6091487776
[2025-07-17 01:06:20,312] INFO - [✓] Converted and deleted: raw_chats\result3.json → converted_chats\chat_2243139461.txt
[2025-07-17 01:06:20,349] INFO - [✓] Converted and deleted: raw_chats\result4.json → converted_chats\chat_4874735860.txt
[2025-07-17 01:06:20,350] INFO - 2 raw chats converted successfully!
[2025-07-17 01:06:20,350] INFO - 2 cached chats detected (['chat_2243139461.txt', 'chat_4874735860.txt'])
[2025-07-17 01:06:20,811] INFO - Bot started... (ID: 6091487776)
[2025-07-17 01:07:10,025] INFO - Analyzing history for chat ID: 4874735860
[2025-07-17 01:07:34,529] ERROR - Run run_SXAgJsrBWcKDyDVHaTRuEsbG failed: failed
[2025-07-17 01:07:58,113] INFO - Analyzing history for chat ID: 4874735860
[2025-07-17 01:08:21,966] INFO - Run completed for chat 4874735860
[2025-07-17 01:08:22,242] INFO - Received assistant reply for chat 4874735860
[2025-07-17 01:08:52,905] INFO - Analyzing history for chat ID: 4874735860
[2025-07-17 01:09:22,511] INFO - Run completed for chat 4874735860
[2025-07-17 01:09:22,846] INFO - Received assistant reply for chat 4874735860
[2025-07-17 01:29:02,618] INFO - Using cached assistant ID: asst_kCejb42PuzWixm1JTt8LS9b9
[2025-07-17 01:29:02,853] INFO - Bot ID: 6091487776
[2025-07-17 01:29:02,853] INFO - 2 cached chats detected (['chat_2243139461.txt', 'chat_4874735860.txt'])
[2025-07-17 01:29:03,319] INFO - Bot started... (ID: 6091487776)
[2025-07-17 01:29:14,132] INFO - Analyzing history for chat ID: 2243139461
[2025-07-17 01:30:13,583] INFO - Run completed for chat 2243139461
[2025-07-17 01:30:13,824] INFO - Received assistant reply for chat 2243139461
[2025-07-17 01:31:00,078] INFO - Analyzing history for chat ID: 2243139461
[2025-07-17 01:31:37,803] ERROR - Run run_a4iCPwXqnOfJ3VQMP6NCmnTb failed: failed
[2025-07-17 01:31:45,695] INFO - Analyzing history for chat ID: 2243139461
[2025-07-17 01:32:54,813] ERROR - Run run_CYQoArxjS3PyLLjRS61qzwvV failed: failed
[2025-07-17 01:33:31,671] INFO - Analyzing history for chat ID: 2243139461
[2025-07-17 01:34:40,093] ERROR - Run run_gnI1i4JTIDU1cs1Z5vYIzJDa failed: failed
[2025-07-17 01:38:28,888] INFO - Using cached assistant ID: asst_kCejb42PuzWixm1JTt8LS9b9
[2025-07-17 01:38:29,073] INFO - Bot ID: 6091487776
[2025-07-17 01:38:29,075] INFO - 2 cached chats detected (['chat_2243139461.txt', 'chat_4874735860.txt'])
[2025-07-17 01:38:29,530] INFO - Bot started... (ID: 6091487776)
[2025-07-17 01:38:41,227] INFO - Analyzing history for chat ID: 2243139461
[2025-07-17 01:40:02,071] INFO - Run completed for chat 2243139461
[2025-07-17 01:40:02,331] INFO - Received assistant reply for chat 2243139461
[2025-07-17 01:52:45,280] INFO - Using cached assistant ID: asst_kCejb42PuzWixm1JTt8LS9b9
[2025-07-17 01:52:45,459] INFO - Bot ID: 6091487776
[2025-07-17 01:52:45,459] INFO - 2 cached chats detected (['chat_2243139461.txt', 'chat_4874735860.txt'])
[2025-07-17 01:52:45,930] INFO - Bot started... (ID: 6091487776)
[2025-07-17 01:52:56,209] INFO - Using cached assistant ID: asst_kCejb42PuzWixm1JTt8LS9b9
[2025-07-17 01:52:56,398] INFO - Bot ID: 6091487776
[2025-07-17 01:52:56,398] INFO - 2 cached chats detected (['chat_2243139461.txt', 'chat_4874735860.txt'])
[2025-07-17 01:52:56,859] INFO - Bot started... (ID: 6091487776)
[2025-07-17 01:53:10,170] INFO - Analyzing history for chat ID: 4874735860
[2025-07-17 01:53:56,742] INFO - Run completed for chat 4874735860
[2025-07-17 01:53:57,275] INFO - Received assistant reply for chat 4874735860
[2025-07-17 01:54:14,172] INFO - Analyzing history for chat ID: 4874735860
[2025-07-17 01:55:03,478] INFO - Run completed for chat 4874735860
[2025-07-17 01:55:03,750] INFO - Received assistant reply for chat 4874735860
[2025-07-17 01:57:44,943] INFO - Using cached assistant ID: asst_kCejb42PuzWixm1JTt8LS9b9
[2025-07-17 01:57:45,126] INFO - Bot ID: 6091487776
[2025-07-17 01:57:45,127] INFO - 2 cached chats detected (['chat_2243139461.txt', 'chat_4874735860.txt'])
[2025-07-17 01:57:45,588] INFO - Bot started... (ID: 6091487776)
[2025-07-17 01:58:07,601] INFO - 📄 Chat file for chat_id=4874735860 uploaded and cached: file-RFPSYyPhjaCGSbXfoaScEN
[2025-07-17 01:59:09,827] ERROR - Error during analyze_history for chat_id=4874735860
Traceback (most recent call last):
  File "C:\Users\spare\OneDrive\Desktop\chat_analyzer\ai_api.py", line 175, in analyze_history
    details = f"{error['code']} - {error['message']}" if error else "no details"
                 ~~~~~^^^^^^^^
TypeError: 'LastError' object is not subscriptable
[2025-07-17 02:00:29,727] INFO - Using cached assistant ID: asst_kCejb42PuzWixm1JTt8LS9b9
[2025-07-17 02:00:29,913] INFO - Bot ID: 6091487776
[2025-07-17 02:00:29,914] INFO - 2 cached chats detected (['chat_2243139461.txt', 'chat_4874735860.txt'])
[2025-07-17 02:00:30,376] INFO - Bot started... (ID: 6091487776)
[2025-07-17 02:05:11,381] INFO - Using cached assistant ID: asst_kCejb42PuzWixm1JTt8LS9b9
[2025-07-17 02:05:11,569] INFO - Bot ID: 6091487776
[2025-07-17 02:05:11,570] INFO - 2 cached chats detected (['chat_2243139461.txt', 'chat_4874735860.txt'])
[2025-07-17 02:05:12,048] INFO - Bot started... (ID: 6091487776)
[2025-07-17 02:07:28,737] INFO - Using cached assistant ID: asst_kCejb42PuzWixm1JTt8LS9b9
[2025-07-17 02:07:28,925] INFO - Bot ID: 6091487776
[2025-07-17 02:07:28,926] INFO - 2 cached chats detected (['chat_2243139461.txt', 'chat_4874735860.txt'])
[2025-07-17 02:07:29,404] INFO - Bot started... (ID: 6091487776)
[2025-07-17 02:08:32,181] INFO - Response successfully generated (привет какое последнее сообщение в переписке?) -> (Последнее сообщение в переписке выглядит так:

2025-07-16 Dmitriy: @Krutoymega_bot какая ифномрация по тинькофу?

Это видно в файле chat_4874735860.txt, где данное сообщение стоит последним в списке fileciteturn0file0.)
[2025-07-17 02:09:19,466] INFO - Using cached assistant ID: asst_kCejb42PuzWixm1JTt8LS9b9
[2025-07-17 02:09:19,695] INFO - Bot ID: 6091487776
[2025-07-17 02:09:19,696] INFO - 2 cached chats detected (['chat_2243139461.txt', 'chat_4874735860.txt'])
[2025-07-17 02:09:20,162] INFO - Bot started... (ID: 6091487776)
[2025-07-17 02:10:54,336] INFO - Response successfully generated (/ask привет какое последнее сообщение в переписке?) -> (Основываясь на файле chat_4874735860.txt, последнее сообщение в переписке выглядит так:

2025-07-16 Dmitriy: @Krutoymega_bot какая ифнормация есть по навальному? fileciteturn0file1

Обратите внимание, что в файле зафиксированы несколько фрагментов, но наибольшая часть полной переписки заканчивается этой строкой.)
[2025-07-17 02:12:28,160] INFO - Response successfully generated (/ask привет какое последнее сообщение в переписке?) -> (Последнее сообщение в переписке – это сообщение от Дмитрия с отметкой 2025-07-16, в котором он написал: “/ask привет какое последнее сообщение в переписке?” fileciteturn0file0)
[2025-07-17 02:15:11,779] INFO - Using cached assistant ID: asst_kCejb42PuzWixm1JTt8LS9b9
[2025-07-17 02:15:11,954] INFO - Bot ID: 6091487776
[2025-07-17 02:15:11,954] INFO - 2 cached chats detected (['chat_2243139461.txt', 'chat_4874735860.txt'])
[2025-07-17 02:15:12,417] INFO - Bot started... (ID: 6091487776)
[2025-07-17 02:15:41,171] INFO - question received: /ask кто не поддерживает текущую власть?
[2025-07-17 02:15:41,171] INFO - start analyzing...
[2025-07-17 02:15:41,172] INFO - Using previously cached file: file-CtCfiwEarxkWPKnEwjogvp
[2025-07-17 02:16:00,602] INFO - Response successfully generated: В приведённом чате Дмитрий задал вопрос «кто не поддерживает текущую власть?» (16 июля 2025 года), однако в записях ответа на него нет, так как в логе представлен только запрос без дальнейшего обсуждения fileciteturn0file0.
[2025-07-17 02:16:49,601] INFO - Using cached assistant ID: asst_kCejb42PuzWixm1JTt8LS9b9
[2025-07-17 02:16:49,769] INFO - Bot ID: 6091487776
[2025-07-17 02:16:49,770] INFO - 2 cached chats detected (['chat_2243139461.txt', 'chat_4874735860.txt'])
[2025-07-17 02:16:50,250] INFO - Bot started... (ID: 6091487776)
[2025-07-17 02:17:50,077] INFO - Using cached assistant ID: asst_kCejb42PuzWixm1JTt8LS9b9
[2025-07-17 02:17:50,268] INFO - Bot ID: 6091487776
[2025-07-17 02:17:50,269] INFO - 2 cached chats detected (['chat_2243139461.txt', 'chat_4874735860.txt'])
[2025-07-17 02:17:50,730] INFO - Bot started... (ID: 6091487776)
[2025-07-17 02:18:37,398] INFO - Using cached assistant ID: asst_kCejb42PuzWixm1JTt8LS9b9
[2025-07-17 02:18:37,572] INFO - Bot ID: 6091487776
[2025-07-17 02:18:37,573] INFO - 2 cached chats detected (['chat_2243139461.txt', 'chat_4874735860.txt'])
[2025-07-17 02:18:38,052] INFO - Bot started... (ID: 6091487776)
[2025-07-17 02:18:50,107] INFO - question received: /ask кто не поддерживает текущую власть?
[2025-07-17 02:18:50,107] INFO - start analyzing...
[2025-07-17 02:20:46,209] INFO - Using cached assistant ID: asst_kCejb42PuzWixm1JTt8LS9b9
[2025-07-17 02:20:46,388] INFO - Bot ID: 6091487776
[2025-07-17 02:20:46,389] INFO - 2 cached chats detected (['chat_2243139461.txt', 'chat_4874735860.txt'])
[2025-07-17 02:20:46,848] INFO - Bot started... (ID: 6091487776)
[2025-07-17 02:20:51,989] INFO - question received: /ask кто не поддерживает текущую власть?
[2025-07-17 02:20:51,990] INFO - start analyzing...
[2025-07-17 02:22:19,089] INFO - Using cached assistant ID: asst_kCejb42PuzWixm1JTt8LS9b9
[2025-07-17 02:22:19,278] INFO - Bot ID: 6091487776
[2025-07-17 02:22:19,278] INFO - 2 cached chats detected (['chat_2243139461.txt', 'chat_4874735860.txt'])
[2025-07-17 02:22:19,748] INFO - Bot started... (ID: 6091487776)
[2025-07-17 02:22:21,887] INFO - question received: /ask кто не поддерживает текущую власть?
[2025-07-17 02:22:21,887] INFO - start analyzing...
[2025-07-17 02:22:25,365] INFO - 📄 Chat file for chat_id=2243139461 uploaded and cached: file-NhYDkt3cjxxKa1btzexpNG
[2025-07-17 02:23:22,140] INFO - Response successfully generated: Информации по данному вопросу не обнаружено в представленном чате. Если вы имели в виду, кто именно не поддерживает власть, в обсуждениях затрагивались различные мнения, но прямого ответа на вопрос "Кто не поддерживает текущую власть?" не зафиксировано. Например, участники диалога критиковали действия власти, однако прямого утверждения или списка "те, кто не поддерживает власть" не наблюдалось fileciteturn0file0.
[2025-07-17 02:25:59,304] INFO - Using cached assistant ID: asst_kCejb42PuzWixm1JTt8LS9b9
[2025-07-17 02:25:59,490] INFO - Bot ID: 6091487776
[2025-07-17 02:25:59,491] INFO - 2 cached chats detected (['chat_2243139461.txt', 'chat_4874735860.txt'])
[2025-07-17 02:25:59,959] INFO - Bot started... (ID: 6091487776)
[2025-07-17 02:26:06,093] INFO - question received: /ask привет какое последнее сообщение в переписке?
[2025-07-17 02:26:06,094] INFO - start analyzing...
[2025-07-17 02:26:06,096] INFO - Using previously cached file: file-NhYDkt3cjxxKa1btzexpNG
[2025-07-17 02:26:37,910] ERROR - ❌ Run failed | chat_id=2243139461 | run_id=run_w2od7oFjaTuehLKcSAya40EY | reason: LastError(code='server_error', message='Sorry, something went wrong.')
[2025-07-17 02:27:06,662] INFO - question received: /ask привет какое последнее сообщение в переписке?
[2025-07-17 02:27:06,662] INFO - start analyzing...
[2025-07-17 02:27:06,663] INFO - Using previously cached file: file-NhYDkt3cjxxKa1btzexpNG
[2025-07-17 02:28:14,376] ERROR - ❌ Run failed | chat_id=2243139461 | run_id=run_l1goatr0vO4jDPlcheLRiMQs | reason: LastError(code='vector_store_timeout', message='Failed to process files in vector store vs_6878354b93548191954d874db491d32d. Please ensure all files in the vector store are processed before retrying the run.')
[2025-07-17 02:35:07,747] INFO - Using cached assistant ID: asst_kCejb42PuzWixm1JTt8LS9b9
[2025-07-17 02:35:07,933] INFO - Bot ID: 6091487776
[2025-07-17 02:35:07,934] INFO - 2 cached chats detected (['chat_2243139461.txt', 'chat_4874735860.txt'])
[2025-07-17 02:35:08,401] INFO - Bot started... (ID: 6091487776)
[2025-07-17 02:35:12,864] INFO - question received: /ask привет какое последнее сообщение в переписке?
[2025-07-17 02:35:12,865] INFO - start analyzing...
[2025-07-17 02:35:12,866] INFO - Using previously cached file: file-CtCfiwEarxkWPKnEwjogvp
[2025-07-17 02:35:41,482] INFO - Response successfully generated: В переписке последнее сообщение выглядит так:

2025-07-16 Dmitriy: /ask привет какое последнее сообщение в переписке?

Это видно в файле чата (см. fileciteturn0file0).
[2025-07-17 02:36:29,945] INFO - question received: @Krutoymega_bot собери статистику по участникам
[2025-07-17 02:36:29,945] INFO - start analyzing...
[2025-07-17 02:36:29,947] INFO - Using previously cached file: file-CtCfiwEarxkWPKnEwjogvp
[2025-07-17 02:37:00,118] INFO - Response successfully generated: Исходя из переписки, можно выделить двух основных участников настоящей группы: Дмитрий и Соня. Практически все сообщения (порядка 90–95% по оценке) написаны Дмитрием – начиная с 06.07.2025 и до 17.07.2025, при этом он регулярно обращается к боту (например, запрашивая информацию о составе беседы или характеристики участников, см. строки с 06.07 и 16.07, fileciteturn1file4). В переписке от 07.07.2025 видно, что Соня выступает с несколькими сообщениями – например, когда спрашивает, как общаться с моделью или уточняет информацию о погоде в Питере (см. fileciteturn1file3).

Таким образом, статистика участников такова:
• Дмитрий – основной автор, подавляющее большинство сообщений.
• Соня – в переписке присутствует, но значительно реже.

Дополнительно часто упоминается бот (@Krutoymega_bot), однако его сообщения учитываться не будут, так как он выступает в роли инструмента, а не участника дискуссии.
[2025-07-17 02:37:21,749] INFO - question received: /ask привет какое последнее сообщение в переписке?
[2025-07-17 02:37:21,749] INFO - start analyzing...
[2025-07-17 02:37:21,751] INFO - Using previously cached file: file-CtCfiwEarxkWPKnEwjogvp
[2025-07-17 02:37:54,147] INFO - Response successfully generated: Последнее сообщение в логе переписки — это сообщение от Дмитрия, отправленное 2025-07-17 с текстом "@Krutoymega_bot привет" (оно появляется дважды, при этом последнее в записи — вторая строка с этой датой) fileciteturn0file1.
[2025-07-17 02:38:33,911] INFO - question received: @Krutoymega_bot привет какое последнее сообщение в переписке?
[2025-07-17 02:38:33,911] INFO - start analyzing...
[2025-07-17 02:38:33,919] INFO - Using previously cached file: file-J3CMpYcAourJSNKb5u5LtK
[2025-07-17 02:39:35,848] INFO - Response successfully generated: В загруженной переписке (chat_4874735860.txt) финальной строкой является сообщение от Дмитрия от 2025‑07‑16, где он пишет:

“/ask привет какое последнее сообщение в переписке?”

Это тот самый последний текст, который присутствует в файле fileciteturn0file0.
[2025-07-16 23:57:00,023] INFO - Using cached assistant ID: asst_kCejb42PuzWixm1JTt8LS9b9
[2025-07-16 23:57:00,254] INFO - 2 cached chats detected (['chat_2243139461.txt', 'chat_4874735860.txt'])
[2025-07-16 23:57:00,298] INFO - Bot started... (ID: -1)
[2025-07-16 23:57:01,740] INFO - Using cached assistant ID: asst_kCejb42PuzWixm1JTt8LS9b9
[2025-07-16 23:57:01,916] INFO - 2 cached chats detected (['chat_2243139461.txt', 'chat_4874735860.txt'])
[2025-07-16 23:57:01,951] INFO - Bot started... (ID: -1)
[2025-07-16 23:57:03,330] INFO - Using cached assistant ID: asst_kCejb42PuzWixm1JTt8LS9b9
[2025-07-16 23:57:03,501] INFO - 2 cached chats detected (['chat_2243139461.txt', 'chat_4874735860.txt'])
[2025-07-16 23:57:03,540] INFO - Bot started... (ID: -1)
[2025-07-16 23:57:05,102] INFO - Using cached assistant ID: asst_kCejb42PuzWixm1JTt8LS9b9
[2025-07-16 23:57:05,275] INFO - 2 cached chats detected (['chat_2243139461.txt', 'chat_4874735860.txt'])
[2025-07-16 23:57:05,310] INFO - Bot started... (ID: -1)
[2025-07-16 23:57:07,333] INFO - Using cached assistant ID: asst_kCejb42PuzWixm1JTt8LS9b9
[2025-07-16 23:57:07,506] INFO - 2 cached chats detected (['chat_2243139461.txt', 'chat_4874735860.txt'])
[2025-07-16 23:57:07,543] INFO - Bot started... (ID: -1)
[2025-07-16 23:57:10,307] INFO - Using cached assistant ID: asst_kCejb42PuzWixm1JTt8LS9b9
[2025-07-16 23:57:10,485] INFO - 2 cached chats detected (['chat_2243139461.txt', 'chat_4874735860.txt'])
[2025-07-16 23:57:10,520] INFO - Bot started... (ID: -1)
[2025-07-16 23:58:53,855] INFO - Using cached assistant ID: asst_kCejb42PuzWixm1JTt8LS9b9
[2025-07-16 23:58:54,077] INFO - Bot ID: 6091487776
[2025-07-16 23:58:54,080] INFO - 2 cached chats detected (['chat_2243139461.txt', 'chat_4874735860.txt'])
[2025-07-16 23:58:54,115] INFO - Bot started... (ID: 6091487776)
[2025-07-16 23:59:13,998] INFO - question received: @Krutoymega_bot привет какое последнее сообщение в переписке?
[2025-07-16 23:59:13,998] INFO - start analyzing...
[2025-07-16 23:59:14,002] INFO - Using previously cached file: file-J3CMpYcAourJSNKb5u5LtK
[2025-07-17 00:00:03,464] INFO - Response successfully generated: В предоставленном логе видно, что сообщения отсортированы по датам. Самая поздняя дата – 2025‑07‑17, и по этому признаку последние записи принадлежат Дмитрию. В частности, в одном из фрагментов чата (см. fileciteturn0file1) присутствуют две подряд идущие строки:

2025‑07‑17 Dmitriy: @Krutoymega_bot привет  
2025‑07‑17 Dmitriy: @Krutoymega_bot привет

Таким образом, последнее сообщение в переписке – это вторая из этих строк:  
«2025‑07‑17 Dmitriy: @Krutoymega_bot привет».
